<?xml version="1.0" encoding="UTF-8"?>
<!-- Generated by org.testng.reporters.JUnitXMLReporter -->
<testsuite ignored="0" hostname="RAGIPANI" failures="0" tests="7" name="Test" time="84.076" errors="0" timestamp="2025-11-04T18:53:04 IST">
  <testcase classname="testCases.TC001_AccountRegistrationTest" name="verify_account_registration" time="4.07"/>
  <testcase classname="testCases.TC002_LoginTest" name="verify_login" time="2.825"/>
  <testcase classname="testCases.TC003_LoginDDT" name="verify_loginDDT" time="6.128"/>
  <testcase classname="testCases.TC003_LoginDDT" name="verify_loginDDT" time="5.773"/>
  <testcase classname="testCases.TC003_LoginDDT" name="verify_loginDDT" time="15.149"/>
  <testcase classname="testCases.TC003_LoginDDT" name="verify_loginDDT" time="15.066"/>
  <testcase classname="testCases.TC003_LoginDDT" name="verify_loginDDT" time="5.73"/>
</testsuite> <!-- Test -->
