<?xml version="1.0" encoding="UTF-8"?>
<!-- Generated by org.testng.reporters.JUnitXMLReporter -->
<testsuite ignored="0" hostname="RAGIPANI" failures="0" tests="4" name="Test" time="34.766" errors="0" timestamp="2025-11-05T11:30:38 IST">
  <testcase classname="testCases.TC001_AccountRegistrationTest" name="verify_account_registration" time="5.386"/>
  <testcase classname="testCases.TC002_LoginTest" name="verify_login" time="1.671"/>
  <testcase classname="testCases.TC003_LoginDDT" name="verify_loginDDT" time="4.972"/>
  <testcase classname="testCases.TC003_LoginDDT" name="verify_loginDDT" time="4.724"/>
</testsuite> <!-- Test -->
