<?xml version="1.0" encoding="UTF-8"?>
<!-- Generated by org.testng.reporters.JUnitXMLReporter -->
<testsuite ignored="0" hostname="RAGIPANI" failures="0" tests="7" name="Test" time="63.631" errors="0" timestamp="2025-11-03T19:34:25 IST">
  <testcase classname="testCases.TC001_AccountRegistrationTest" name="verify_account_registration" time="2.588"/>
  <testcase classname="testCases.TC002_LoginTest" name="verify_login" time="1.666"/>
  <testcase classname="testCases.TC003_LoginDDT" name="verify_loginDDT" time="4.86"/>
  <testcase classname="testCases.TC003_LoginDDT" name="verify_loginDDT" time="4.843"/>
  <testcase classname="testCases.TC003_LoginDDT" name="verify_loginDDT" time="13.735"/>
  <testcase classname="testCases.TC003_LoginDDT" name="verify_loginDDT" time="14.032"/>
  <testcase classname="testCases.TC003_LoginDDT" name="verify_loginDDT" time="4.904"/>
</testsuite> <!-- Test -->
