<?xml version="1.0" encoding="UTF-8"?>
<!-- Generated by org.testng.reporters.JUnitReportReporter -->
<testsuite hostname="RAGIPANI" failures="0" tests="5" name="testCases.TC003_LoginDDT" time="42.374" errors="0" timestamp="2025-11-03T19:34:25 IST" skipped="0">
  <testcase classname="testCases.TC003_LoginDDT" name="verify_loginDDT" time="4.860"/>
  <testcase classname="testCases.TC003_LoginDDT" name="verify_loginDDT" time="13.735"/>
  <testcase classname="testCases.TC003_LoginDDT" name="verify_loginDDT" time="4.843"/>
  <testcase classname="testCases.TC003_LoginDDT" name="verify_loginDDT" time="4.904"/>
  <testcase classname="testCases.TC003_LoginDDT" name="verify_loginDDT" time="14.032"/>
</testsuite> <!-- testCases.TC003_LoginDDT -->
