<?xml version="1.0" encoding="UTF-8"?>
<!-- Generated by org.testng.reporters.JUnitReportReporter -->
<testsuite hostname="RAGIPANI" failures="0" tests="5" name="testCases.TC003_LoginDDT" time="47.846" errors="0" timestamp="2025-11-04T18:53:04 IST" skipped="0">
  <testcase classname="testCases.TC003_LoginDDT" name="verify_loginDDT" time="15.149"/>
  <testcase classname="testCases.TC003_LoginDDT" name="verify_loginDDT" time="6.128"/>
  <testcase classname="testCases.TC003_LoginDDT" name="verify_loginDDT" time="15.066"/>
  <testcase classname="testCases.TC003_LoginDDT" name="verify_loginDDT" time="5.730"/>
  <testcase classname="testCases.TC003_LoginDDT" name="verify_loginDDT" time="5.773"/>
</testsuite> <!-- testCases.TC003_LoginDDT -->
